<?xml version="1.0" encoding="UTF-8"?>
<!-- Generated by org.testng.reporters.JUnitXMLReporter -->
<testsuite ignored="2" hostname="LAPTOP-C09100BS" failures="0" tests="2" name="Test1" time="97.889" errors="0" timestamp="2022-07-27T15:06:25 IST">
  <testcase classname="com.Sai.TestCases.TC_01SaiConTest" name="saiConTest" time="35.412"/>
  <testcase classname="com.Sai.TestCases.TC_02SaiCamDelTest" name="saiConDelTest" time="26.759"/>
  <testcase classname="com.VTigerTest.generic.BaseUtility" name="@BeforeSuite connectDatabase" time="0.0">
    <ignored/>
  </testcase> <!-- @BeforeSuite connectDatabase -->
  <testcase classname="com.VTigerTest.generic.BaseUtility" name="@AfterSuite closeDatabase" time="0.0">
    <ignored/>
  </testcase> <!-- @AfterSuite closeDatabase -->
</testsuite> <!-- Test1 -->
